********************************************************************************
DUPLICATOR-LITE PACKAGE-LOG: 2017-04-29 19:47:55
NOTICE: Do NOT post to public sites or forums 
********************************************************************************
VERSION:	1.2.6
WORDPRESS:	4.7.4
PHP INFO:	5.6.25 | SAPI: apache2handler
SERVER:		Apache/2.4.23 (Win64) PHP/5.6.25 
PHP TIME LIMIT: (0) no time limit imposed 
PHP MAX MEMORY: 2048M (128M default) 
MEMORY STACK: 72MB 

********************************************************************************
DATABASE:
********************************************************************************
BUILD MODE:   PHP(query limit - 100)
MYSQLTIMEOUT: 5000
MYSQLDUMP:    Not Supported 
TABLES: total:35 | filtered:0 | create:35 
FILTERED: [] 
SQL CREATED: 20170429_psltalks_ec0e63d23b9ac1397689170429194712_database.sql 
SQL FILE SIZE: 630.81KB (645954) 
SQL FILE TIME: 2017-04-29 19:47:56 
SQL RUNTIME: 0.47 sec. 

******************************************************************************** 
ARCHIVE (ZIP): 
******************************************************************************** 
ARCHIVE DIR:  C:/wamp64/www/psltalks/wordpress 
ARCHIVE FILE: 20170429_psltalks_ec0e63d23b9ac1397689170429194712_archive.zip 
FILTERS: *OFF* 
DIRS: not set 
EXTS:  not set 
---------------------------------------- 
COMPRESSING 
SIZE:	129.48MB 
STATS:	Dirs 755 | Files 5,461 
SQL ADDED: 20170429_psltalks_ec0e63d23b9ac1397689170429194712_database.sql 
ZipArchive Object
(
    [status] => 0
    [statusSys] => 0
    [numFiles] => 6216
    [filename] => C:\wamp64\www\psltalks\wordpress\wp-snapshots\tmp\20170429_psltalks_ec0e63d23b9ac1397689170429194712_archive.zip
    [comment] => 
)
 
COMPRESSION RESULT: '1' 
COMPRESSED SIZE: 74.46MB 
ARCHIVE RUNTIME: 145.94 sec. 
MEMORY STACK: 74.5MB 

******************************************************************************** 
MAKE INSTALLER: 
******************************************************************************** 
Build Start 
Build Finished 
Preping for use 
Template parsed with new data 
Complete [C:/wamp64/www/psltalks/wordpress/wp-snapshots/tmp/20170429_psltalks_ec0e63d23b9ac1397689170429194712_installer.php] 
Added to archive 

******************************************************************************** 
INTEGRITY CHECKS: 
******************************************************************************** 
SQL File: 630.81KB 
Installer File: 422.09KB 
Archive File: 74.46MB  

********************************************************************************
RECORD ID:[1]
TOTAL PROCESS RUNTIME: 149.41 sec.
PEAK PHP MEMORY USED: 77MB
DONE PROCESSING => 20170429_psltalks 2017-04-29 19:50:25
 
